<?xml version="1.0" encoding="UTF-8"?>
<testsuite name="application.ParserTest" tests="5" skipped="0" failures="0" errors="0" timestamp="2021-12-17T19:19:21" hostname="DESKTOP-5Q6AQIV" time="0.108">
  <properties/>
  <testcase name="Error should be thrown in larger files too" classname="application.ParserTest" time="0.024"/>
  <testcase name="Check if the correct exception is thrown }" classname="application.ParserTest" time="0.004"/>
  <testcase name="Check if the correct exception is thrown {" classname="application.ParserTest" time="0.003"/>
  <testcase name="[1] correct_sample.txt" classname="application.ParserTest" time="0.025"/>
  <testcase name="[2] larger_correct.txt" classname="application.ParserTest" time="0.005"/>
  <system-out><![CDATA[]]></system-out>
  <system-err><![CDATA[]]></system-err>
</testsuite>
